#
# There is insufficient memory for the Java Runtime Environment to continue.
# Native memory allocation (mmap) failed to map 125829120 bytes. Error detail: G1 virtual space
# Possible reasons:
#   The system is out of physical RAM or swap space
#   This process is running with CompressedOops enabled, and the Java Heap may be blocking the growth of the native heap
# Possible solutions:
#   Reduce memory load on the system
#   Increase physical memory or swap space
#   Check if swap backing store is full
#   Decrease Java heap size (-Xmx/-Xms)
#   Decrease number of Java threads
#   Decrease Java thread stack sizes (-Xss)
#   Set larger code cache with -XX:ReservedCodeCacheSize=
#   JVM is running with Unscaled Compressed Oops mode in which the Java heap is
#     placed in the first 4GB address space. The Java Heap base address is the
#     maximum limit for the native heap growth. Please use -XX:HeapBaseMinAddress
#     to set the Java Heap base and to place the Java Heap above 4GB virtual address.
# This output file may be truncated or incomplete.
#
#  Out of Memory Error (os_windows.cpp:3631), pid=17772, tid=2324
#
# JRE version:  (22.0.1+8) (build )
# Java VM: Java HotSpot(TM) 64-Bit Server VM (22.0.1+8-16, mixed mode, sharing, tiered, compressed oops, compressed class ptrs, g1 gc, windows-amd64)
# No core dump will be written. Minidumps are not enabled by default on client versions of Windows
#

---------------  S U M M A R Y ------------

Command Line: 

Host: AMD Ryzen 5 4500U with Radeon Graphics         , 6 cores, 7G,  Windows 11 , 64 bit Build 22621 (10.0.22621.3958)
Time: Wed Oct  2 13:40:41 2024 India Standard Time elapsed time: 0.022475 seconds (0d 0h 0m 0s)

---------------  T H R E A D  ---------------

Current thread (0x000001de7ae19900):  JavaThread "Unknown thread" [_thread_in_vm, id=2324, stack(0x0000002229d00000,0x0000002229e00000) (1024K)]

Stack: [0x0000002229d00000,0x0000002229e00000]
Native frames: (J=compiled Java code, j=interpreted, Vv=VM code, C=native code)
V  [jvm.dll+0x6e2279]  (no source info available)
V  [jvm.dll+0x874e33]  (no source info available)
V  [jvm.dll+0x87725e]  (no source info available)
V  [jvm.dll+0x877933]  (no source info available)
V  [jvm.dll+0x27fd76]  (no source info available)
V  [jvm.dll+0x6de915]  (no source info available)
V  [jvm.dll+0x6d341a]  (no source info available)
V  [jvm.dll+0x3589da]  (no source info available)
V  [jvm.dll+0x360f06]  (no source info available)
V  [jvm.dll+0x3b3e2e]  (no source info available)
V  [jvm.dll+0x3b40d8]  (no source info available)
V  [jvm.dll+0x32c59c]  (no source info available)
V  [jvm.dll+0x32d158]  (no source info available)
V  [jvm.dll+0x83ccdc]  (no source info available)
V  [jvm.dll+0x3c0d71]  (no source info available)
V  [jvm.dll+0x825ccc]  (no source info available)
V  [jvm.dll+0x45b8fe]  (no source info available)
V  [jvm.dll+0x45d781]  (no source info available)
C  [jli.dll+0x52a3]  (no source info available)
C  [ucrtbase.dll+0x29333]  (no source info available)
C  [KERNEL32.DLL+0x1257d]  (no source info available)
C  [ntdll.dll+0x5af28]  (no source info available)


---------------  P R O C E S S  ---------------

Threads class SMR info:
_java_thread_list=0x00007ff813e5b1c8, length=0, elements={
}

Java Threads: ( => current thread )
Total: 0

Other Threads:
  0x000001de7ae6b440 WorkerThread "GC Thread#0"                     [id=13504, stack(0x0000002229e00000,0x0000002229f00000) (1024K)]
  0x000001de7ae7ccd0 ConcurrentGCThread "G1 Main Marker"            [id=6096, stack(0x0000002229f00000,0x000000222a000000) (1024K)]
  0x000001de7ae7d6e0 WorkerThread "G1 Conc#0"                       [id=8272, stack(0x000000222a000000,0x000000222a100000) (1024K)]

[error occurred during error reporting (printing all threads), id 0xc0000005, EXCEPTION_ACCESS_VIOLATION (0xc0000005) at pc=0x00007ff8135af367]
VM state: not at safepoint (not fully initialized)

VM Mutex/Monitor currently owned by a thread:  ([mutex/lock_event])
[0x00007ff813edbcb8] Heap_lock - owner thread: 0x000001de7ae19900

Heap address: 0x0000000089400000, size: 1900 MB, Compressed Oops mode: 32-bit

CDS archive(s) mapped at: [0x0000000000000000-0x0000000000000000-0x0000000000000000), size 0, SharedBaseAddress: 0x0000000800000000, ArchiveRelocationMode: 1.
Narrow klass base: 0x0000000000000000, Narrow klass shift: 0, Narrow klass range: 0x0

GC Precious Log:
 CardTable entry size: 512
 Card Set container configuration: InlinePtr #cards 5 size 8 Array Of Cards #cards 12 size 40 Howl #buckets 4 coarsen threshold 1843 Howl Bitmap #cards 512 size 80 coarsen threshold 460 Card regions per heap region 1 cards per card region 2048

Heap:
 garbage-first heap   total reserved 1945600K, committed 0K, used 0K [0x0000000089400000, 0x0000000100000000)
  region size 1024K, 0 young (0K), 0 survivors (0K)

[error occurred during error reporting (printing heap information), id 0xc0000005, EXCEPTION_ACCESS_VIOLATION (0xc0000005) at pc=0x00007ff8139ae429]
GC Heap History (0 events):
No events

Dll operation events (1 events):
Event: 0.013 Loaded shared library C:\Program Files\Java\jdk-22\bin\java.dll

Deoptimization events (0 events):
No events

Classes loaded (0 events):
No events

Classes unloaded (0 events):
No events

Classes redefined (0 events):
No events

Internal exceptions (0 events):
No events

ZGC Phase Switch (0 events):
No events

VM Operations (0 events):
No events

Events (0 events):
No events


Dynamic libraries:
0x00007ff7dedb0000 - 0x00007ff7dedc0000 	C:\Program Files\Java\jdk-22\bin\java.exe
0x00007ff899950000 - 0x00007ff899b67000 	C:\WINDOWS\SYSTEM32\ntdll.dll
0x00007ff898680000 - 0x00007ff898744000 	C:\WINDOWS\System32\KERNEL32.DLL
0x00007ff896f30000 - 0x00007ff8972dd000 	C:\WINDOWS\System32\KERNELBASE.dll
0x00007ff8974a0000 - 0x00007ff8975b1000 	C:\WINDOWS\System32\ucrtbase.dll
0x00007ff87a2d0000 - 0x00007ff87a2e7000 	C:\Program Files\Java\jdk-22\bin\jli.dll
0x00007ff898f30000 - 0x00007ff898fe2000 	C:\WINDOWS\System32\ADVAPI32.dll
0x00007ff8989a0000 - 0x00007ff898a47000 	C:\WINDOWS\System32\msvcrt.dll
0x00007ff899720000 - 0x00007ff8997c9000 	C:\WINDOWS\System32\sechost.dll
0x00007ff896e90000 - 0x00007ff896eb8000 	C:\WINDOWS\System32\bcrypt.dll
0x00007ff897bf0000 - 0x00007ff897d04000 	C:\WINDOWS\System32\RPCRT4.dll
0x00007ff898bb0000 - 0x00007ff898d5e000 	C:\WINDOWS\System32\USER32.dll
0x00007ff896e60000 - 0x00007ff896e86000 	C:\WINDOWS\System32\win32u.dll
0x00007ff898900000 - 0x00007ff898929000 	C:\WINDOWS\System32\GDI32.dll
0x00007ff8972e0000 - 0x00007ff8973f9000 	C:\WINDOWS\System32\gdi32full.dll
0x00007ff897400000 - 0x00007ff89749a000 	C:\WINDOWS\System32\msvcp_win.dll
0x00007ff87a270000 - 0x00007ff87a28b000 	C:\Program Files\Java\jdk-22\bin\VCRUNTIME140.dll
0x00007ff88a0d0000 - 0x00007ff88a363000 	C:\WINDOWS\WinSxS\amd64_microsoft.windows.common-controls_6595b64144ccf1df_6.0.22621.3672_none_2713b9d173822955\COMCTL32.dll
0x00007ff88df30000 - 0x00007ff88df3a000 	C:\WINDOWS\SYSTEM32\VERSION.dll
0x00007ff898930000 - 0x00007ff898961000 	C:\WINDOWS\System32\IMM32.DLL
0x00007ff88b0d0000 - 0x00007ff88b0dc000 	C:\Program Files\Java\jdk-22\bin\vcruntime140_1.dll
0x00007ff83b900000 - 0x00007ff83b98e000 	C:\Program Files\Java\jdk-22\bin\msvcp140.dll
0x00007ff813270000 - 0x00007ff813fb7000 	C:\Program Files\Java\jdk-22\bin\server\jvm.dll
0x00007ff8977e0000 - 0x00007ff897851000 	C:\WINDOWS\System32\WS2_32.dll
0x00007ff895b20000 - 0x00007ff895b6d000 	C:\WINDOWS\SYSTEM32\POWRPROF.dll
0x00007ff891b90000 - 0x00007ff891bc4000 	C:\WINDOWS\SYSTEM32\WINMM.dll
0x00007ff895b00000 - 0x00007ff895b13000 	C:\WINDOWS\SYSTEM32\UMPDC.dll
0x00007ff895db0000 - 0x00007ff895dc8000 	C:\WINDOWS\SYSTEM32\kernel.appcore.dll
0x00007ff889520000 - 0x00007ff88952a000 	C:\Program Files\Java\jdk-22\bin\jimage.dll
0x00007ff8944f0000 - 0x00007ff894722000 	C:\WINDOWS\SYSTEM32\DBGHELP.DLL
0x00007ff897860000 - 0x00007ff897bee000 	C:\WINDOWS\System32\combase.dll
0x00007ff899640000 - 0x00007ff899717000 	C:\WINDOWS\System32\OLEAUT32.dll
0x00007ff88e5a0000 - 0x00007ff88e5d2000 	C:\WINDOWS\SYSTEM32\dbgcore.DLL
0x00007ff896de0000 - 0x00007ff896e5b000 	C:\WINDOWS\System32\bcryptPrimitives.dll
0x00007ff87ddd0000 - 0x00007ff87ddee000 	C:\Program Files\Java\jdk-22\bin\java.dll
0x00007ff897e10000 - 0x00007ff898677000 	C:\WINDOWS\System32\SHELL32.dll
0x00007ff898d80000 - 0x00007ff898f25000 	C:\WINDOWS\System32\ole32.dll

dbghelp: loaded successfully - version: 4.0.5 - missing functions: none
symbol engine: initialized successfully - sym options: 0x614 - pdb path: .;C:\Program Files\Java\jdk-22\bin;C:\WINDOWS\SYSTEM32;C:\WINDOWS\WinSxS\amd64_microsoft.windows.common-controls_6595b64144ccf1df_6.0.22621.3672_none_2713b9d173822955;C:\Program Files\Java\jdk-22\bin\server

VM Arguments:
java_command: <unknown>
java_class_path (initial): <not set>
Launcher Type: SUN_STANDARD

[Global flags]
     intx CICompilerCount                          = 3                                         {product} {ergonomic}
     uint ConcGCThreads                            = 2                                         {product} {ergonomic}
     uint G1ConcRefinementThreads                  = 6                                         {product} {ergonomic}
   size_t G1HeapRegionSize                         = 1048576                                   {product} {ergonomic}
   size_t InitialHeapSize                          = 125829120                                 {product} {ergonomic}
   size_t MarkStackSize                            = 4194304                                   {product} {ergonomic}
   size_t MaxHeapSize                              = 1992294400                                {product} {ergonomic}
   size_t MinHeapDeltaBytes                        = 1048576                                   {product} {ergonomic}
   size_t MinHeapSize                              = 8388608                                   {product} {ergonomic}
    uintx NonNMethodCodeHeapSize                   = 5832780                                {pd product} {ergonomic}
    uintx NonProfiledCodeHeapSize                  = 122912730                              {pd product} {ergonomic}
    uintx ProfiledCodeHeapSize                     = 122912730                              {pd product} {ergonomic}
    uintx ReservedCodeCacheSize                    = 251658240                              {pd product} {ergonomic}
     bool SegmentedCodeCache                       = true                                      {product} {ergonomic}
   size_t SoftMaxHeapSize                          = 1992294400                             {manageable} {ergonomic}
     bool UseCompressedOops                        = true                           {product lp64_product} {ergonomic}
     bool UseG1GC                                  = true                                      {product} {ergonomic}
     bool UseLargePagesIndividualAllocation        = false                                  {pd product} {ergonomic}

Logging:
Log output configuration:
 #0: stdout all=warning uptime,level,tags foldmultilines=false
 #1: stderr all=off uptime,level,tags foldmultilines=false

Environment Variables:
JAVA_HOME=C:\Program Files\Java\jdk-22\
PATH=C:\Windows\System32\WindowsPowerShell\v1.0;C:\Program Files\Git\cmd;C:\Program Files\Git\bin;C:\Program Files\nodejs\;C:\Users\rudra\AppData\Local\Programs\Python\Python312\Scripts\;C:\Users\rudra\AppData\Local\Programs\Python\Python312\;C:\Program Files\Java\jdk-17\bin;C:\Program Files\MySQL\MySQL Shell 8.0\bin\;C:\Users\rudra\AppData\Local\Microsoft\WindowsApps;C:\Users\rudra\AppData\Local\Programs\Microsoft VS Code\bin;C:\Users\rudra\.dotnet\tools;C:\ProgramData\Microsoft\Windows\Start Menu\Programs\Node.js;C:\Users\rudra\AppData\Local\Programs\MiKTeX\miktex\bin\x64\;C:\Program Files\MySQL\MySQL Shell 8.0\bin;C:\sqlite3;C:\Program Files\Python311\Scripts;C:\Program Files\Python311;C:\ProgramData\rudra\GitHubDesktop\bin;C:\Users\rudra\AppData\Local\GitHubDesktop\bin;C:\Users\rudra\AppData\Roaming\npm
USERNAME=rudra
OS=Windows_NT
PROCESSOR_IDENTIFIER=AMD64 Family 23 Model 96 Stepping 1, AuthenticAMD
TMP=C:\Users\rudra\AppData\Local\Temp
TEMP=C:\Users\rudra\AppData\Local\Temp




Periodic native trim disabled

---------------  S Y S T E M  ---------------

OS:
 Windows 11 , 64 bit Build 22621 (10.0.22621.3958)
OS uptime: 0 days 16:38 hours

CPU: total 6 (initial active 6) (6 cores per cpu, 1 threads per core) family 23 model 96 stepping 1 microcode 0x0, cx8, cmov, fxsr, mmx, 3dnowpref, sse, sse2, sse3, ssse3, sse4a, sse4.1, sse4.2, popcnt, lzcnt, tsc, tscinvbit, avx, avx2, aes, clmul, bmi1, bmi2, adx, sha, fma, vzeroupper, clflush, clflushopt, rdtscp, rdpid, f16c
Processor Information for all 6 processors :
  Max Mhz: 2375, Current Mhz: 2375, Mhz Limit: 2375

Memory: 4k page, system-wide physical 7599M (116M free)
TotalPageFile size 30065M (AvailPageFile size 25M)
current process WorkingSet (physical memory assigned to process): 12M, peak: 12M
current process commit charge ("private bytes"): 56M, peak: 176M

vm_info: Java HotSpot(TM) 64-Bit Server VM (22.0.1+8-16) for windows-amd64 JRE (22.0.1+8-16), built on 2024-03-12T10:33:16Z by "mach5one" with MS VC++ 17.6 (VS2022)

END.
